#
# There is insufficient memory for the Java Runtime Environment to continue.
# Native memory allocation (mmap) failed to map 134217728 bytes for Failed to commit area from 0x0000000081600000 to 0x0000000089600000 of length 134217728.
# Possible reasons:
#   The system is out of physical RAM or swap space
#   The process is running with CompressedOops enabled, and the Java Heap may be blocking the growth of the native heap
# Possible solutions:
#   Reduce memory load on the system
#   Increase physical memory or swap space
#   Check if swap backing store is full
#   Decrease Java heap size (-Xmx/-Xms)
#   Decrease number of Java threads
#   Decrease Java thread stack sizes (-Xss)
#   Set larger code cache with -XX:ReservedCodeCacheSize=
# This output file may be truncated or incomplete.
#
#  Out of Memory Error (./src/hotspot/os/windows/os_windows.cpp:3301), pid=62376, tid=59560
#
# JRE version:  (11.0.11+9) (build )
# Java VM: OpenJDK 64-Bit Server VM (11.0.11+9-b60-7590822, mixed mode, sharing, tiered, compressed oops, g1 gc, windows-amd64)
# No core dump will be written. Minidumps are not enabled by default on client versions of Windows
#

---------------  S U M M A R Y ------------

Command Line: org.jetbrains.git4idea.http.GitAskPassApp Username for 'https://github.com': 

Host: Intel(R) Core(TM) i5-8250U CPU @ 1.60GHz, 8 cores, 7G,  Windows 10 , 64 bit Build 22621 (10.0.22621.1344)
Time: Sun Apr  9 06:00:53 2023 Sri Lanka Standard Time elapsed time: 0.148195 seconds (0d 0h 0m 0s)

---------------  T H R E A D  ---------------

Current thread (0x000002e7a2f22000):  JavaThread "Unknown thread" [_thread_in_vm, id=59560, stack(0x000000f583a00000,0x000000f583b00000)]

Stack: [0x000000f583a00000,0x000000f583b00000]
Native frames: (J=compiled Java code, j=interpreted, Vv=VM code, C=native code)
V  [jvm.dll+0x5f214a]
V  [jvm.dll+0x726fb5]
V  [jvm.dll+0x7285cd]
V  [jvm.dll+0x728c83]
V  [jvm.dll+0x243278]
V  [jvm.dll+0x5ef544]
V  [jvm.dll+0x5e4495]
V  [jvm.dll+0x2fec5b]
V  [jvm.dll+0x2febca]
V  [jvm.dll+0x2feaa2]
V  [jvm.dll+0x303986]
V  [jvm.dll+0x34c3a3]
V  [jvm.dll+0x34caa6]
V  [jvm.dll+0x34c4a3]
V  [jvm.dll+0x2d9688]
V  [jvm.dll+0x2da837]
V  [jvm.dll+0x705ba7]
V  [jvm.dll+0x70739c]
V  [jvm.dll+0x3598f9]
V  [jvm.dll+0x6e931e]
V  [jvm.dll+0x3c1c43]
V  [jvm.dll+0x3c3e81]
C  [jli.dll+0x5373]
C  [ucrtbase.dll+0x29363]
C  [KERNEL32.DLL+0x126bd]
C  [ntdll.dll+0x5a9f8]


---------------  P R O C E S S  ---------------

Threads class SMR info:
_java_thread_list=0x000002e7a0e06880, length=0, elements={
}

Java Threads: ( => current thread )

Other Threads:
  0x000002e7a2f3a000 GCTaskThread "GC Thread#0" [stack: 0x000000f583b00000,0x000000f583c00000] [id=59652]
  0x000002e7a2f6c800 ConcurrentGCThread "G1 Main Marker" [stack: 0x000000f583c00000,0x000000f583d00000] [id=56324]
  0x000002e7a2f6e800 ConcurrentGCThread "G1 Conc#0" [stack: 0x000000f583d00000,0x000000f583e00000] [id=61256]

[error occurred during error reporting (printing all threads), id 0xc0000005, EXCEPTION_ACCESS_VIOLATION (0xc0000005) at pc=0x00007fffac699c47]

VM state:not at safepoint (not fully initialized)

VM Mutex/Monitor currently owned by a thread:  ([mutex/lock_event])
[0x000002e7a2f1eb40] Heap_lock - owner thread: 0x000002e7a2f22000

Heap address: 0x0000000081600000, size: 2026 MB, Compressed Oops mode: Non-zero based: 0x0000000081600000
Narrow klass base: 0x0000000000000000, Narrow klass shift: 0

GC Heap History (0 events):
No events

Deoptimization events (0 events):
No events

Classes redefined (0 events):
No events

Internal exceptions (0 events):
No events

Events (1 events):
Event: 0.037 Loaded shared library C:\Program Files\Android\Android Studio\jre\bin\zip.dll


Dynamic libraries:
0x00007ff7dd4e0000 - 0x00007ff7dd4ea000 	C:\Program Files\Android\Android Studio\jre\bin\java.exe
0x00007ffff5c70000 - 0x00007ffff5e84000 	C:\WINDOWS\SYSTEM32\ntdll.dll
0x00007fffcd830000 - 0x00007fffcd849000 	C:\Program Files\Avast Software\Avast\aswhook.dll
0x00007ffff42f0000 - 0x00007ffff43b3000 	C:\WINDOWS\System32\KERNEL32.DLL
0x00007ffff3590000 - 0x00007ffff392c000 	C:\WINDOWS\System32\KERNELBASE.dll
0x00007ffff3220000 - 0x00007ffff3331000 	C:\WINDOWS\System32\ucrtbase.dll
0x00007fffda700000 - 0x00007fffda719000 	C:\Program Files\Android\Android Studio\jre\bin\jli.dll
0x00007fffda3d0000 - 0x00007fffda3e7000 	C:\Program Files\Android\Android Studio\jre\bin\VCRUNTIME140.dll
0x00007ffff55b0000 - 0x00007ffff575d000 	C:\WINDOWS\System32\USER32.dll
0x00007ffff3a50000 - 0x00007ffff3a76000 	C:\WINDOWS\System32\win32u.dll
0x00007fffdfdf0000 - 0x00007fffe007e000 	C:\WINDOWS\WinSxS\amd64_microsoft.windows.common-controls_6595b64144ccf1df_6.0.22621.608_none_a9444ca7c10bb01d\COMCTL32.dll
0x00007ffff3ad0000 - 0x00007ffff3af9000 	C:\WINDOWS\System32\GDI32.dll
0x00007ffff47e0000 - 0x00007ffff4887000 	C:\WINDOWS\System32\msvcrt.dll
0x00007ffff3930000 - 0x00007ffff3a43000 	C:\WINDOWS\System32\gdi32full.dll
0x00007ffff3400000 - 0x00007ffff349a000 	C:\WINDOWS\System32\msvcp_win.dll
0x00007ffff5570000 - 0x00007ffff55a1000 	C:\WINDOWS\System32\IMM32.DLL
0x00007fffbd960000 - 0x00007fffbd9fd000 	C:\Program Files\Android\Android Studio\jre\bin\msvcp140.dll
0x00007fffac3b0000 - 0x00007ffface85000 	C:\Program Files\Android\Android Studio\jre\bin\server\jvm.dll
0x00007ffff4c40000 - 0x00007ffff4cee000 	C:\WINDOWS\System32\ADVAPI32.dll
0x00007ffff43c0000 - 0x00007ffff4464000 	C:\WINDOWS\System32\sechost.dll
0x00007ffff4890000 - 0x00007ffff49a5000 	C:\WINDOWS\System32\RPCRT4.dll
0x00007ffff49c0000 - 0x00007ffff49c8000 	C:\WINDOWS\System32\PSAPI.DLL
0x00007fffd85f0000 - 0x00007fffd85f9000 	C:\WINDOWS\SYSTEM32\WSOCK32.dll
0x00007fffd1170000 - 0x00007fffd11a4000 	C:\WINDOWS\SYSTEM32\WINMM.dll
0x00007fffebaf0000 - 0x00007fffebafa000 	C:\WINDOWS\SYSTEM32\VERSION.dll
0x00007ffff4470000 - 0x00007ffff44e1000 	C:\WINDOWS\System32\WS2_32.dll
0x00007ffff2100000 - 0x00007ffff2118000 	C:\WINDOWS\SYSTEM32\kernel.appcore.dll
0x00007ffff01b0000 - 0x00007ffff01c1000 	C:\Program Files\Android\Android Studio\jre\bin\verify.dll
0x00007ffff0aa0000 - 0x00007ffff0cce000 	C:\WINDOWS\SYSTEM32\DBGHELP.DLL
0x00007ffff51e0000 - 0x00007ffff5569000 	C:\WINDOWS\System32\combase.dll
0x00007ffff44f0000 - 0x00007ffff45c7000 	C:\WINDOWS\System32\OLEAUT32.dll
0x00007fffde840000 - 0x00007fffde872000 	C:\WINDOWS\SYSTEM32\dbgcore.DLL
0x00007ffff34a0000 - 0x00007ffff351b000 	C:\WINDOWS\System32\bcryptPrimitives.dll
0x00007ffff0180000 - 0x00007ffff01a9000 	C:\Program Files\Android\Android Studio\jre\bin\java.dll
0x00007ffff0220000 - 0x00007ffff022b000 	C:\Program Files\Android\Android Studio\jre\bin\jimage.dll
0x00007ffff0160000 - 0x00007ffff0178000 	C:\Program Files\Android\Android Studio\jre\bin\zip.dll

dbghelp: loaded successfully - version: 4.0.5 - missing functions: none
symbol engine: initialized successfully - sym options: 0x614 - pdb path: .;C:\Program Files\Android\Android Studio\jre\bin;C:\WINDOWS\SYSTEM32;C:\Program Files\Avast Software\Avast;C:\WINDOWS\WinSxS\amd64_microsoft.windows.common-controls_6595b64144ccf1df_6.0.22621.608_none_a9444ca7c10bb01d;C:\Program Files\Android\Android Studio\jre\bin\server

VM Arguments:
java_command: org.jetbrains.git4idea.http.GitAskPassApp Username for 'https://github.com': 
java_class_path (initial): C:/Program Files/Android/Android Studio/plugins/git4idea/lib/git4idea-rt.jar;C:/Program Files/Android/Android Studio/lib/xmlrpc-2.0.1.jar;C:/Program Files/Android/Android Studio/lib/commons-codec-1.15.jar
Launcher Type: SUN_STANDARD

[Global flags]
     intx CICompilerCount                          = 4                                         {product} {ergonomic}
     uint ConcGCThreads                            = 2                                         {product} {ergonomic}
     uint G1ConcRefinementThreads                  = 8                                         {product} {ergonomic}
   size_t G1HeapRegionSize                         = 1048576                                   {product} {ergonomic}
    uintx GCDrainStackTargetSize                   = 64                                        {product} {ergonomic}
   size_t InitialHeapSize                          = 134217728                                 {product} {ergonomic}
   size_t MarkStackSize                            = 4194304                                   {product} {ergonomic}
   size_t MaxHeapSize                              = 2124414976                                {product} {ergonomic}
   size_t MinHeapDeltaBytes                        = 1048576                                   {product} {ergonomic}
    uintx NonNMethodCodeHeapSize                   = 5836300                                {pd product} {ergonomic}
    uintx NonProfiledCodeHeapSize                  = 122910970                              {pd product} {ergonomic}
    uintx ProfiledCodeHeapSize                     = 122910970                              {pd product} {ergonomic}
    uintx ReservedCodeCacheSize                    = 251658240                              {pd product} {ergonomic}
     bool SegmentedCodeCache                       = true                                      {product} {ergonomic}
     bool UseCompressedClassPointers               = true                                 {lp64_product} {ergonomic}
     bool UseCompressedOops                        = true                                 {lp64_product} {ergonomic}
     bool UseG1GC                                  = true                                      {product} {ergonomic}
     bool UseLargePagesIndividualAllocation        = false                                  {pd product} {ergonomic}

Logging:
Log output configuration:
 #0: stdout all=warning uptime,level,tags
 #1: stderr all=off uptime,level,tags

Environment Variables:
PATH=C:\Program Files\Git\mingw64\libexec\git-core;C:\Program Files\Git\mingw64\libexec\git-core;C:\Program Files\Git\mingw64\bin;C:\Program Files\Git\usr\bin;C:\Users\UDARA\bin;C:\Program Files\Common Files\Oracle\Java\javapath;C:\WINDOWS\system32;C:\WINDOWS;C:\WINDOWS\System32\Wbem;C:\WINDOWS\System32\WindowsPowerShell\v1.0;C:\WINDOWS\System32\OpenSSH;C:\Program Files\Java\jdk-17.0.1\bin;C:\Program Files\nodejs;C:\Program Files\Microsoft SQL Server\150\Tools\Binn;C:\Program Files\Microsoft SQL Server\Client SDK\ODBC\170\Tools\Binn;C:\Program Files\dotnet;C:\WINDOWS\system32;C:\WINDOWS;C:\WINDOWS\System32\Wbem;C:\WINDOWS\System32\WindowsPowerShell\v1.0;C:\WINDOWS\System32\OpenSSH;C:\Program Files\Git\cmd;C:\Users\UDARA\AppData\Local\Programs\Python\Python310\Scripts;C:\Users\UDARA\AppData\Local\Programs\Python\Python310;C:\Program Files\MySQL\MySQL Shell 8.0\bin;C:\Users\UDARA\AppData\Local\Microsoft\WindowsApps;C:\Users\UDARA\AppData\Local\atom\bin;C:\Users\UDARA\AppData\Local\Programs\Microsoft VS Code\bin;C:\Users\UDARA\AppData\Roaming\npm;C:\Users\UDARA\.dotnet\tools;C:\PHP;C:\Users\UDARA\AppData\Local\Microsoft\WindowsApps
USERNAME=UDARA
DISPLAY=:0.0
LC_ALL=en_US.UTF-8
OS=Windows_NT
PROCESSOR_IDENTIFIER=Intel64 Family 6 Model 142 Stepping 10, GenuineIntel



---------------  S Y S T E M  ---------------

OS: Windows 10 , 64 bit Build 22621 (10.0.22621.1344)
OS uptime: 0 days 22:36 hours

CPU:total 8 (initial active 8) (4 cores per cpu, 2 threads per core) family 6 model 142 stepping 10 microcode 0xe0, cmov, cx8, fxsr, mmx, sse, sse2, sse3, ssse3, sse4.1, sse4.2, popcnt, avx, avx2, aes, clmul, erms, 3dnowpref, lzcnt, ht, tsc, tscinvbit, bmi1, bmi2, adx, fma

Memory: 4k page, system-wide physical 8103M (369M free)
TotalPageFile size 22410M (AvailPageFile size 34M)
current process WorkingSet (physical memory assigned to process): 11M, peak: 11M
current process commit charge ("private bytes"): 60M, peak: 188M

vm_info: OpenJDK 64-Bit Server VM (11.0.11+9-b60-7590822) for windows-amd64 JRE (11.0.11+9-b60-7590822), built on Jul 29 2021 21:43:44 by "builder" with MS VC++ 14.0 (VS2015)

END.
